<?xml version="1.0" encoding="UTF-8"?>
<testsuite name="WebElements_RadioBCheckB" tests="1" skipped="0" failures="0" errors="0" timestamp="2020-04-14T16:14:33" hostname="00009EA" time="6.95">
  <properties/>
  <testcase name="checkBoxSelection" classname="WebElements_RadioBCheckB" time="6.95"/>
  <system-out><![CDATA[]]></system-out>
  <system-err><![CDATA[Starting ChromeDriver 81.0.4044.69 (6813546031a4bc83f717a2ef7cd4ac6ec1199132-refs/branch-heads/4044@{#776}) on port 3276
Only local connections are allowed.
Please protect ports used by ChromeDriver and related test frameworks to prevent access by malicious code.
Apr 14, 2020 5:14:34 PM org.openqa.selenium.remote.ProtocolHandshake createSession
INFO: Detected dialect: W3C
[1586880875.469][SEVERE]: Timed out receiving message from renderer: 0.100
[1586880876.048][SEVERE]: Timed out receiving message from renderer: 0.100
[1586880876.150][SEVERE]: Timed out receiving message from renderer: 0.100
[1586880876.252][SEVERE]: Timed out receiving message from renderer: 0.100
[1586880876.353][SEVERE]: Timed out receiving message from renderer: 0.100
[1586880876.702][SEVERE]: Timed out receiving message from renderer: 0.100
[1586880876.803][SEVERE]: Timed out receiving message from renderer: 0.100
[1586880877.204][SEVERE]: Timed out receiving message from renderer: 0.100
]]></system-err>
</testsuite>
